2021-03-03 23:14:18 [main] INFO  - Spaceship was successfully created!
2021-03-03 23:14:18 [main] INFO  - Spaceship was successfully created!
2021-03-03 23:14:18 [main] INFO  - Spaceship was successfully created!
2021-03-03 23:14:18 [main] INFO  - Spaceship was successfully created!
2021-03-03 23:14:18 [main] INFO  - Spaceship was successfully created!
2021-03-03 23:14:18 [main] INFO  - Spaceship was successfully created!
2021-03-03 23:14:18 [main] INFO  - Spaceship was successfully created!
2021-03-03 23:14:18 [main] INFO  - Spaceship was successfully created!
2021-03-03 23:14:18 [main] INFO  - Spaceship was successfully created!
2021-03-03 23:14:18 [main] INFO  - Spaceship was successfully created!
2021-03-03 23:14:18 [main] INFO  - Spaceship was successfully created!
2021-03-03 23:14:18 [main] INFO  - Spaceship was successfully created!
2021-03-03 23:14:18 [main] INFO  - Spaceship was successfully created!
2021-03-03 23:14:18 [main] INFO  - Spaceship was successfully created!
2021-03-03 23:14:18 [main] INFO  - Spaceship was successfully created!
2021-03-03 23:14:18 [main] INFO  - Spaceship was successfully created!
2021-03-03 23:14:18 [main] INFO  - Spaceship was successfully created!
2021-03-03 23:14:18 [main] INFO  - Spaceship was successfully created!
2021-03-03 23:14:18 [main] INFO  - Spaceship was successfully created!
2021-03-03 23:14:18 [main] INFO  - Spaceship was successfully created!
2021-03-03 23:14:18 [main] INFO  - Spaceship was successfully created!
2021-03-03 23:14:18 [main] INFO  - Spaceship was successfully created!
2021-03-03 23:14:18 [main] INFO  - Spaceship was successfully created!
2021-03-03 23:14:18 [main] INFO  - Spaceship was successfully created!
2021-03-03 23:14:18 [main] INFO  - Spaceship was successfully created!
2021-03-03 23:14:18 [main] INFO  - Spaceship was successfully created!
2021-03-03 23:14:18 [main] INFO  - Spaceship was successfully created!
2021-03-03 23:14:18 [main] INFO  - Spaceship was successfully created!
2021-03-03 23:14:18 [main] INFO  - Spaceship was successfully created!
2021-03-03 23:14:18 [main] INFO  - Spaceship was successfully created!
2021-03-03 23:14:18 [main] INFO  - Spaceship was successfully created!
2021-03-03 23:14:18 [main] INFO  - Spaceship was successfully created!
2021-03-03 23:14:18 [main] INFO  - Spaceship was successfully created!
2021-03-03 23:14:18 [main] INFO  - Spaceship was successfully created!
2021-03-03 23:14:18 [main] INFO  - Spaceship was successfully created!
2021-03-03 23:14:18 [main] INFO  - Spaceship was successfully created!
2021-03-03 23:14:18 [main] INFO  - Spaceship was successfully created!
2021-03-03 23:14:18 [main] INFO  - Spaceship was successfully created!
2021-03-03 23:14:18 [main] INFO  - Spaceship was successfully created!
2021-03-03 23:14:18 [main] INFO  - Spaceship was successfully created!
2021-03-03 23:14:18 [main] INFO  - Spaceship was successfully created!
2021-03-03 23:14:18 [main] INFO  - Spaceship was successfully created!
2021-03-03 23:14:18 [main] INFO  - Spaceships completely were read from the file
2021-03-03 23:14:18 [main] INFO  - Planet was successfully created!
2021-03-03 23:14:18 [main] INFO  - Planet was successfully created!
2021-03-03 23:14:18 [main] INFO  - Planet was successfully created!
2021-03-03 23:14:18 [main] INFO  - Planet was successfully created!
2021-03-03 23:14:18 [main] INFO  - Planet was successfully created!
2021-03-03 23:14:18 [main] INFO  - Planet was successfully created!
2021-03-03 23:14:18 [main] INFO  - Planet was successfully created!
2021-03-03 23:14:18 [main] INFO  - Planet was successfully created!
2021-03-03 23:14:18 [main] INFO  - Planet was successfully created!
2021-03-03 23:14:18 [main] INFO  - Planet was successfully created!
2021-03-03 23:14:18 [main] INFO  - Planet was successfully created!
2021-03-03 23:14:18 [main] INFO  - Planet was successfully created!
2021-03-03 23:14:18 [main] INFO  - Planet was successfully created!
2021-03-03 23:14:18 [main] INFO  - Planet was successfully created!
2021-03-03 23:14:18 [main] INFO  - Planet was successfully created!
2021-03-03 23:14:18 [main] INFO  - Planet was successfully created!
2021-03-03 23:14:18 [main] INFO  - Planet was successfully created!
2021-03-03 23:14:18 [main] INFO  - Planet was successfully created!
2021-03-03 23:14:18 [main] INFO  - Planet was successfully created!
2021-03-03 23:14:18 [main] INFO  - Planet was successfully created!
2021-03-03 23:14:19 [main] INFO  - Planet was successfully created!
2021-03-03 23:14:19 [main] INFO  - Planet was successfully created!
2021-03-03 23:14:19 [main] INFO  - Planet was successfully created!
2021-03-03 23:14:19 [main] INFO  - Planet was successfully created!
2021-03-03 23:14:19 [main] INFO  - Planet was successfully created!
2021-03-03 23:14:19 [main] INFO  - Planet was successfully created!
2021-03-03 23:14:19 [main] INFO  - Planet was successfully created!
2021-03-03 23:14:19 [main] INFO  - Planet was successfully created!
2021-03-03 23:14:19 [main] INFO  - Planet was successfully created!
2021-03-03 23:14:19 [main] INFO  - Planet was successfully created!
2021-03-03 23:14:19 [main] INFO  - Planet was successfully created!
2021-03-03 23:14:19 [main] INFO  - Planet was successfully created!
2021-03-03 23:14:19 [main] INFO  - Planet was successfully created!
2021-03-03 23:14:19 [main] INFO  - Planet was successfully created!
2021-03-03 23:14:19 [main] INFO  - Planet was successfully created!
2021-03-03 23:14:19 [main] INFO  - Planet was successfully created!
2021-03-03 23:14:19 [main] INFO  - Planet was successfully created!
2021-03-03 23:14:19 [main] INFO  - Planet was successfully created!
2021-03-03 23:14:19 [main] INFO  - Planet was successfully created!
2021-03-03 23:14:19 [main] INFO  - Planet was successfully created!
2021-03-03 23:14:19 [main] INFO  - Planet was successfully created!
2021-03-03 23:14:19 [main] INFO  - Planet was successfully created!
2021-03-03 23:14:19 [main] INFO  - Planet was successfully created!
2021-03-03 23:14:19 [main] INFO  - Planet was successfully created!
2021-03-03 23:14:19 [main] INFO  - Planet was successfully created!
2021-03-03 23:14:19 [main] INFO  - Planet was successfully created!
2021-03-03 23:14:19 [main] INFO  - Planet was successfully created!
2021-03-03 23:14:19 [main] INFO  - Planet was successfully created!
2021-03-03 23:14:19 [main] INFO  - Planet was successfully created!
2021-03-03 23:14:19 [main] INFO  - Planet was successfully created!
2021-03-03 23:14:19 [main] INFO  - Planet was successfully created!
2021-03-03 23:14:19 [main] INFO  - Planet was successfully created!
2021-03-03 23:14:19 [main] INFO  - Planet was successfully created!
2021-03-03 23:14:19 [main] INFO  - Planet was successfully created!
2021-03-03 23:14:19 [main] INFO  - Planet was successfully created!
2021-03-03 23:14:19 [main] INFO  - Planet was successfully created!
2021-03-03 23:14:19 [main] INFO  - Planet was successfully created!
2021-03-03 23:14:19 [main] INFO  - Planet was successfully created!
2021-03-03 23:14:19 [main] INFO  - Planet was successfully created!
2021-03-03 23:14:19 [main] INFO  - Planet was successfully created!
2021-03-03 23:14:19 [main] INFO  - Planet was successfully created!
2021-03-03 23:14:19 [main] INFO  - Planet was successfully created!
2021-03-03 23:14:19 [main] INFO  - Planet was successfully created!
2021-03-03 23:14:19 [main] INFO  - Planet was successfully created!
2021-03-03 23:14:19 [main] INFO  - Planet was successfully created!
2021-03-03 23:14:19 [main] INFO  - Planet was successfully created!
2021-03-03 23:14:19 [main] INFO  - Planet was successfully created!
2021-03-03 23:14:19 [main] INFO  - Planet was successfully created!
2021-03-03 23:14:19 [main] INFO  - Planets completely were read from the file
2021-03-03 23:14:54 [main] INFO  - FlightMission was successfully created!
